yarn run v1.22.1
$ storybook build --output-dir /var/folders/gp/t2z3mb715dbcnqkf30w67l6h0000gn/T/chromatic--91396-rdLYF257CVN2
@storybook/cli v7.6.17

info => Cleaning outputDir: /var/folders/gp/t2z3mb715dbcnqkf30w67l6h0000gn/T/chromatic--91396-rdLYF257CVN2
info => Loading presets
WARN Could not resolve addon "storybook-addon-designs", skipping. Is it installed?
info Found existing addon {"name":"@storybook/addon-docs","options":{"loaderOptions":{"injectStoryParameters":false}}}, skipping.
info Found existing addon "@storybook/addon-actions", skipping.
info Found existing addon "@storybook/addon-viewport", skipping.
info Found existing addon "@storybook/addon-measure", skipping.
WARN Could not resolve addon "storybook-addon-designs", skipping. Is it installed?
info Found existing addon {"name":"@storybook/addon-docs","options":{"loaderOptions":{"injectStoryParameters":false}}}, skipping.
info Found existing addon "@storybook/addon-actions", skipping.
info Found existing addon "@storybook/addon-viewport", skipping.
info Found existing addon "@storybook/addon-measure", skipping.
info => Building manager..
info => Manager built (144 ms)
info => Building preview..
info => Copying static files: /Users/younhwalee/Documents/code/test/node_modules/@storybook/manager/static at /var/folders/gp/t2z3mb715dbcnqkf30w67l6h0000gn/T/chromatic--91396-rdLYF257CVN2/sb-common-assets
WARN You (or an addon) are using the 'config' preset field. This has been replaced by 'previewAnnotations' and will be removed in 8.0
info Using Babel compiler
info Addon-docs: using MDX2
info => Using implicit CSS loaders
info => Using default Webpack5 setup
info => Copying static files: /Users/younhwalee/Documents/code/test/public at /var/folders/gp/t2z3mb715dbcnqkf30w67l6h0000gn/T/chromatic--91396-rdLYF257CVN2/
WARN asset size limit: The following asset(s) exceed the recommended size limit (244 KiB).
WARN This can impact web performance.
WARN Assets: 
WARN   609.ca01f096.iframe.bundle.js (796 KiB)
WARN   71.e22ee949.iframe.bundle.js (583 KiB)
WARN   384.cbed325c.iframe.bundle.js (717 KiB)
WARN   933.ed9f7802.iframe.bundle.js (979 KiB)
WARN entrypoint size limit: The following entrypoint(s) combined asset size exceeds the recommended limit (244 KiB). This can impact web performance.
WARN Entrypoints:
WARN   main (1000 KiB)
WARN       runtime~main.56945bbe.iframe.bundle.js
WARN       933.ed9f7802.iframe.bundle.js
WARN       main.b82f0a16.iframe.bundle.js
WARN 
info => Preview built (9.99 s)
info => Output directory: /var/folders/gp/t2z3mb715dbcnqkf30w67l6h0000gn/T/chromatic--91396-rdLYF257CVN2
Done in 12.65s.
